# JRE version: OpenJDK Runtime Environment (11.0.15) (build 11.0.15+0-b2043.56-9505619)
# Java VM: OpenJDK 64-Bit Server VM (11.0.15+0-b2043.56-9505619, mixed mode, tiered, compressed oops, g1 gc, windows-amd64)
Heap:
 garbage-first heap   total 557056K, used 247609K [0x0000000080000000, 0x0000000100000000)
  region size 1024K, 3 young (3072K), 3 survivors (3072K)
 Metaspace       used 125459K, capacity 129119K, committed 129328K, reserved 1161216K
  class space    used 15846K, capacity 17215K, committed 17280K, reserved 1048576K
GC Heap History (20 events):
Event: 157.736 GC heap after
{Heap after GC invocations=65 (full 0):
 garbage-first heap   total 259072K, used 219800K [0x0000000080000000, 0x0000000100000000)
  region size 1024K, 3 young (3072K), 3 survivors (3072K)
 Metaspace       used 120479K, capacity 123762K, committed 123952K, reserved 1157120K
  class space    used 14982K, capacity 16187K, committed 16256K, reserved 1048576K
}
Event: 157.844 GC heap before
{Heap before GC invocations=65 (full 0):
 garbage-first heap   total 259072K, used 207512K [0x0000000080000000, 0x0000000100000000)
  region size 1024K, 12 young (12288K), 3 survivors (3072K)
 Metaspace       used 120476K, capacity 123733K, committed 123952K, reserved 1157120K
  class space    used 14977K, capacity 16177K, committed 16256K, reserved 1048576K
}
Event: 157.850 GC heap after
{Heap after GC invocations=66 (full 0):
 garbage-first heap   total 259072K, used 203925K [0x0000000080000000, 0x0000000100000000)
  region size 1024K, 2 young (2048K), 2 survivors (2048K)
 Metaspace       used 120476K, capacity 123733K, committed 123952K, reserved 1157120K
  class space    used 14977K, capacity 16177K, committed 16256K, reserved 1048576K
}
Event: 157.901 GC heap before
{Heap before GC invocations=67 (full 0):
 garbage-first heap   total 259072K, used 218261K [0x0000000080000000, 0x0000000100000000)
  region size 1024K, 17 young (17408K), 2 survivors (2048K)
 Metaspace       used 120476K, capacity 123733K, committed 123952K, reserved 1157120K
  class space    used 14977K, capacity 16177K, committed 16256K, reserved 1048576K
}
Event: 157.909 GC heap after
{Heap after GC invocations=68 (full 0):
 garbage-first heap   total 259072K, used 209966K [0x0000000080000000, 0x0000000100000000)
  region size 1024K, 3 young (3072K), 3 survivors (3072K)
 Metaspace       used 120476K, capacity 123733K, committed 123952K, reserved 1157120K
  class space    used 14977K, capacity 16177K, committed 16256K, reserved 1048576K
}
Event: 157.938 GC heap before
{Heap before GC invocations=68 (full 0):
 garbage-first heap   total 259072K, used 219182K [0x0000000080000000, 0x0000000100000000)
  region size 1024K, 12 young (12288K), 3 survivors (3072K)
 Metaspace       used 120476K, capacity 123733K, committed 123952K, reserved 1157120K
  class space    used 14977K, capacity 16177K, committed 16256K, reserved 1048576K
}
Event: 157.945 GC heap after
{Heap after GC invocations=69 (full 0):
 garbage-first heap   total 259072K, used 188413K [0x0000000080000000, 0x0000000100000000)
  region size 1024K, 2 young (2048K), 2 survivors (2048K)
 Metaspace       used 120476K, capacity 123733K, committed 123952K, reserved 1157120K
  class space    used 14977K, capacity 16177K, committed 16256K, reserved 1048576K
}
Event: 157.969 GC heap before
{Heap before GC invocations=69 (full 0):
 garbage-first heap   total 259072K, used 198653K [0x0000000080000000, 0x0000000100000000)
  region size 1024K, 12 young (12288K), 2 survivors (2048K)
 Metaspace       used 120483K, capacity 123736K, committed 123952K, reserved 1157120K
  class space    used 14977K, capacity 16177K, committed 16256K, reserved 1048576K
}
Event: 157.982 GC heap after
{Heap after GC invocations=70 (full 0):
 garbage-first heap   total 259072K, used 175263K [0x0000000080000000, 0x0000000100000000)
  region size 1024K, 2 young (2048K), 2 survivors (2048K)
 Metaspace       used 120483K, capacity 123736K, committed 123952K, reserved 1157120K
  class space    used 14977K, capacity 16177K, committed 16256K, reserved 1048576K
}
Event: 158.076 GC heap before
{Heap before GC invocations=70 (full 0):
 garbage-first heap   total 259072K, used 200863K [0x0000000080000000, 0x0000000100000000)
  region size 1024K, 28 young (28672K), 2 survivors (2048K)
 Metaspace       used 121703K, capacity 125145K, committed 125360K, reserved 1159168K
  class space    used 15253K, capacity 16531K, committed 16640K, reserved 1048576K
}
Event: 158.087 GC heap after
{Heap after GC invocations=71 (full 0):
 garbage-first heap   total 259072K, used 183296K [0x0000000080000000, 0x0000000100000000)
  region size 1024K, 4 young (4096K), 4 survivors (4096K)
 Metaspace       used 121703K, capacity 125145K, committed 125360K, reserved 1159168K
  class space    used 15253K, capacity 16531K, committed 16640K, reserved 1048576K
}
Event: 158.197 GC heap before
{Heap before GC invocations=71 (full 0):
 garbage-first heap   total 259072K, used 207872K [0x0000000080000000, 0x0000000100000000)
  region size 1024K, 28 young (28672K), 4 survivors (4096K)
 Metaspace       used 122896K, capacity 126385K, committed 126640K, reserved 1159168K
  class space    used 15503K, capacity 16806K, committed 16896K, reserved 1048576K
}
Event: 158.212 GC heap after
{Heap after GC invocations=72 (full 0):
 garbage-first heap   total 314368K, used 194254K [0x0000000080000000, 0x0000000100000000)
  region size 1024K, 4 young (4096K), 4 survivors (4096K)
 Metaspace       used 122896K, capacity 126385K, committed 126640K, reserved 1159168K
  class space    used 15503K, capacity 16806K, committed 16896K, reserved 1048576K
}
Event: 158.445 GC heap before
{Heap before GC invocations=72 (full 0):
 garbage-first heap   total 314368K, used 231118K [0x0000000080000000, 0x0000000100000000)
  region size 1024K, 40 young (40960K), 4 survivors (4096K)
 Metaspace       used 123061K, capacity 126532K, committed 126640K, reserved 1159168K
  class space    used 15503K, capacity 16806K, committed 16896K, reserved 1048576K
}
Event: 158.464 GC heap after
{Heap after GC invocations=73 (full 0):
 garbage-first heap   total 314368K, used 213514K [0x0000000080000000, 0x0000000100000000)
  region size 1024K, 5 young (5120K), 5 survivors (5120K)
 Metaspace       used 123061K, capacity 126532K, committed 126640K, reserved 1159168K
  class space    used 15503K, capacity 16806K, committed 16896K, reserved 1048576K
}
Event: 158.521 GC heap before
{Heap before GC invocations=73 (full 0):
 garbage-first heap   total 314368K, used 243210K [0x0000000080000000, 0x0000000100000000)
  region size 1024K, 35 young (35840K), 5 survivors (5120K)
 Metaspace       used 123078K, capacity 126536K, committed 126640K, reserved 1159168K
  class space    used 15503K, capacity 16806K, committed 16896K, reserved 1048576K
}
Event: 158.534 GC heap after
{Heap after GC invocations=74 (full 0):
 garbage-first heap   total 314368K, used 230283K [0x0000000080000000, 0x0000000100000000)
  region size 1024K, 5 young (5120K), 5 survivors (5120K)
 Metaspace       used 123078K, capacity 126536K, committed 126640K, reserved 1159168K
  class space    used 15503K, capacity 16806K, committed 16896K, reserved 1048576K
}
Event: 158.583 GC heap before
{Heap before GC invocations=74 (full 0):
 garbage-first heap   total 314368K, used 252811K [0x0000000080000000, 0x0000000100000000)
  region size 1024K, 28 young (28672K), 5 survivors (5120K)
 Metaspace       used 123081K, capacity 126536K, committed 126640K, reserved 1159168K
  class space    used 15503K, capacity 16806K, committed 16896K, reserved 1048576K
}
Event: 158.595 GC heap after
{Heap after GC invocations=75 (full 0):
 garbage-first heap   total 314368K, used 243626K [0x0000000080000000, 0x0000000100000000)
  region size 1024K, 4 young (4096K), 4 survivors (4096K)
 Metaspace       used 123081K, capacity 126536K, committed 126640K, reserved 1159168K
  class space    used 15503K, capacity 16806K, committed 16896K, reserved 1048576K
}
Event: 158.834 GC heap before
{Heap before GC invocations=75 (full 0):
 garbage-first heap   total 314368K, used 260010K [0x0000000080000000, 0x0000000100000000)
  region size 1024K, 21 young (21504K), 4 survivors (4096K)
 Metaspace       used 125459K, capacity 129119K, committed 129328K, reserved 1161216K
  class space    used 15846K, capacity 17215K, committed 17280K, reserved 1048576K
}

